# JRE version: OpenJDK Runtime Environment Temurin-21.0.11+10 (21.0.11+10) (build 21.0.11+10-LTS)
# Java VM: OpenJDK 64-Bit Server VM Temurin-21.0.11+10 (21.0.11+10-LTS, mixed mode, sharing, tiered, compressed oops, compressed class ptrs, parallel gc, windows-amd64)
GC Precious Log:
 CardTable entry size: 512
 CPUs: 8 total, 8 available
 Memory: 7959M
 Large Page Support: Disabled
 NUMA Support: Disabled
 Compressed Oops: Enabled (32-bit)
 Alignments: Space 512K, Generation 512K, Heap 2M
 Heap Min Capacity: 100M
 Heap Initial Capacity: 100M
 Heap Max Capacity: 2G
 Pre-touch: Disabled
 Parallel Workers: 8
Heap:
 PSYoungGen      total 7680K, used 7680K [0x00000000d5580000, 0x00000000d6300000, 0x0000000100000000)
  eden space 7168K, 100% used [0x00000000d5580000,0x00000000d5c80000,0x00000000d5c80000)
  from space 512K, 100% used [0x00000000d6280000,0x00000000d6300000,0x00000000d6300000)
  to   space 1536K, 98% used [0x00000000d6000000,0x00000000d617c010,0x00000000d6180000)
 ParOldGen       total 159232K, used 159224K [0x0000000080000000, 0x0000000089b80000, 0x00000000d5580000)
  object space 159232K, 99% used [0x0000000080000000,0x0000000089b7e060,0x0000000089b80000)
 Metaspace       used 73913K, committed 75456K, reserved 1179648K
  class space    used 7847K, committed 8512K, reserved 1048576K
GC Heap History (20 events):
Event: 175.976 GC heap after
{Heap after GC invocations=67 (full 3):
 PSYoungGen      total 7680K, used 384K [0x00000000d5580000, 0x00000000d6500000, 0x0000000100000000)
  eden space 7168K, 0% used [0x00000000d5580000,0x00000000d5580000,0x00000000d5c80000)
  from space 512K, 75% used [0x00000000d6480000,0x00000000d64e0020,0x00000000d6500000)
  to   space 1024K, 0% used [0x00000000d6300000,0x00000000d6300000,0x00000000d6400000)
 ParOldGen       total 150528K, used 150274K [0x0000000080000000, 0x0000000089300000, 0x00000000d5580000)
  object space 150528K, 99% used [0x0000000080000000,0x00000000892c0870,0x0000000089300000)
 Metaspace       used 72253K, committed 73792K, reserved 1179648K
  class space    used 7721K, committed 8384K, reserved 1048576K
}
Event: 176.085 GC heap before
{Heap before GC invocations=68 (full 3):
 PSYoungGen      total 7680K, used 6786K [0x00000000d5580000, 0x00000000d6500000, 0x0000000100000000)
  eden space 7168K, 89% used [0x00000000d5580000,0x00000000d5bc0928,0x00000000d5c80000)
  from space 512K, 75% used [0x00000000d6480000,0x00000000d64e0020,0x00000000d6500000)
  to   space 1024K, 0% used [0x00000000d6300000,0x00000000d6300000,0x00000000d6400000)
 ParOldGen       total 150528K, used 150274K [0x0000000080000000, 0x0000000089300000, 0x00000000d5580000)
  object space 150528K, 99% used [0x0000000080000000,0x00000000892c0870,0x0000000089300000)
 Metaspace       used 72452K, committed 73984K, reserved 1179648K
  class space    used 7745K, committed 8448K, reserved 1048576K
}
Event: 176.087 GC heap after
{Heap after GC invocations=68 (full 3):
 PSYoungGen      total 8192K, used 1008K [0x00000000d5580000, 0x00000000d6500000, 0x0000000100000000)
  eden space 7168K, 0% used [0x00000000d5580000,0x00000000d5580000,0x00000000d5c80000)
  from space 1024K, 98% used [0x00000000d6300000,0x00000000d63fc010,0x00000000d6400000)
  to   space 1024K, 0% used [0x00000000d6400000,0x00000000d6400000,0x00000000d6500000)
 ParOldGen       total 151040K, used 150593K [0x0000000080000000, 0x0000000089380000, 0x00000000d5580000)
  object space 151040K, 99% used [0x0000000080000000,0x0000000089310748,0x0000000089380000)
 Metaspace       used 72452K, committed 73984K, reserved 1179648K
  class space    used 7745K, committed 8448K, reserved 1048576K
}
Event: 176.122 GC heap before
{Heap before GC invocations=69 (full 3):
 PSYoungGen      total 8192K, used 8142K [0x00000000d5580000, 0x00000000d6500000, 0x0000000100000000)
  eden space 7168K, 99% used [0x00000000d5580000,0x00000000d5c77820,0x00000000d5c80000)
  from space 1024K, 98% used [0x00000000d6300000,0x00000000d63fc010,0x00000000d6400000)
  to   space 1024K, 0% used [0x00000000d6400000,0x00000000d6400000,0x00000000d6500000)
 ParOldGen       total 151040K, used 150593K [0x0000000080000000, 0x0000000089380000, 0x00000000d5580000)
  object space 151040K, 99% used [0x0000000080000000,0x0000000089310748,0x0000000089380000)
 Metaspace       used 72456K, committed 73984K, reserved 1179648K
  class space    used 7745K, committed 8448K, reserved 1048576K
}
Event: 176.126 GC heap after
{Heap after GC invocations=69 (full 3):
 PSYoungGen      total 8192K, used 957K [0x00000000d5580000, 0x00000000d6500000, 0x0000000100000000)
  eden space 7168K, 0% used [0x00000000d5580000,0x00000000d5580000,0x00000000d5c80000)
  from space 1024K, 93% used [0x00000000d6400000,0x00000000d64ef6e8,0x00000000d6500000)
  to   space 1536K, 0% used [0x00000000d6200000,0x00000000d6200000,0x00000000d6380000)
 ParOldGen       total 154112K, used 153904K [0x0000000080000000, 0x0000000089680000, 0x00000000d5580000)
  object space 154112K, 99% used [0x0000000080000000,0x000000008964c3b8,0x0000000089680000)
 Metaspace       used 72456K, committed 73984K, reserved 1179648K
  class space    used 7745K, committed 8448K, reserved 1048576K
}
Event: 176.413 GC heap before
{Heap before GC invocations=70 (full 3):
 PSYoungGen      total 8192K, used 8125K [0x00000000d5580000, 0x00000000d6500000, 0x0000000100000000)
  eden space 7168K, 100% used [0x00000000d5580000,0x00000000d5c80000,0x00000000d5c80000)
  from space 1024K, 93% used [0x00000000d6400000,0x00000000d64ef6e8,0x00000000d6500000)
  to   space 1536K, 0% used [0x00000000d6200000,0x00000000d6200000,0x00000000d6380000)
 ParOldGen       total 154112K, used 153904K [0x0000000080000000, 0x0000000089680000, 0x00000000d5580000)
  object space 154112K, 99% used [0x0000000080000000,0x000000008964c3b8,0x0000000089680000)
 Metaspace       used 72495K, committed 74048K, reserved 1179648K
  class space    used 7745K, committed 8448K, reserved 1048576K
}
Event: 176.415 GC heap after
{Heap after GC invocations=70 (full 3):
 PSYoungGen      total 8704K, used 875K [0x00000000d5580000, 0x00000000d6480000, 0x0000000100000000)
  eden space 7168K, 0% used [0x00000000d5580000,0x00000000d5580000,0x00000000d5c80000)
  from space 1536K, 57% used [0x00000000d6200000,0x00000000d62daea8,0x00000000d6380000)
  to   space 1024K, 0% used [0x00000000d6380000,0x00000000d6380000,0x00000000d6480000)
 ParOldGen       total 154624K, used 154461K [0x0000000080000000, 0x0000000089700000, 0x00000000d5580000)
  object space 154624K, 99% used [0x0000000080000000,0x00000000896d7600,0x0000000089700000)
 Metaspace       used 72495K, committed 74048K, reserved 1179648K
  class space    used 7745K, committed 8448K, reserved 1048576K
}
Event: 176.775 GC heap before
{Heap before GC invocations=71 (full 3):
 PSYoungGen      total 8704K, used 8043K [0x00000000d5580000, 0x00000000d6480000, 0x0000000100000000)
  eden space 7168K, 100% used [0x00000000d5580000,0x00000000d5c80000,0x00000000d5c80000)
  from space 1536K, 57% used [0x00000000d6200000,0x00000000d62daea8,0x00000000d6380000)
  to   space 1024K, 0% used [0x00000000d6380000,0x00000000d6380000,0x00000000d6480000)
 ParOldGen       total 154624K, used 154461K [0x0000000080000000, 0x0000000089700000, 0x00000000d5580000)
  object space 154624K, 99% used [0x0000000080000000,0x00000000896d7600,0x0000000089700000)
 Metaspace       used 73032K, committed 74624K, reserved 1179648K
  class space    used 7805K, committed 8512K, reserved 1048576K
}
Event: 176.780 GC heap after
{Heap after GC invocations=71 (full 3):
 PSYoungGen      total 8192K, used 608K [0x00000000d5580000, 0x00000000d6480000, 0x0000000100000000)
  eden space 7168K, 0% used [0x00000000d5580000,0x00000000d5580000,0x00000000d5c80000)
  from space 1024K, 59% used [0x00000000d6380000,0x00000000d6418020,0x00000000d6480000)
  to   space 1024K, 0% used [0x00000000d6280000,0x00000000d6280000,0x00000000d6380000)
 ParOldGen       total 155648K, used 155185K [0x0000000080000000, 0x0000000089800000, 0x00000000d5580000)
  object space 155648K, 99% used [0x0000000080000000,0x000000008978c4a8,0x0000000089800000)
 Metaspace       used 73032K, committed 74624K, reserved 1179648K
  class space    used 7805K, committed 8512K, reserved 1048576K
}
Event: 177.202 GC heap before
{Heap before GC invocations=72 (full 3):
 PSYoungGen      total 8192K, used 7776K [0x00000000d5580000, 0x00000000d6480000, 0x0000000100000000)
  eden space 7168K, 100% used [0x00000000d5580000,0x00000000d5c80000,0x00000000d5c80000)
  from space 1024K, 59% used [0x00000000d6380000,0x00000000d6418020,0x00000000d6480000)
  to   space 1024K, 0% used [0x00000000d6280000,0x00000000d6280000,0x00000000d6380000)
 ParOldGen       total 155648K, used 155185K [0x0000000080000000, 0x0000000089800000, 0x00000000d5580000)
  object space 155648K, 99% used [0x0000000080000000,0x000000008978c4a8,0x0000000089800000)
 Metaspace       used 73282K, committed 74816K, reserved 1179648K
  class space    used 7831K, committed 8512K, reserved 1048576K
}
Event: 177.206 GC heap after
{Heap after GC invocations=72 (full 3):
 PSYoungGen      total 8192K, used 576K [0x00000000d5580000, 0x00000000d6400000, 0x0000000100000000)
  eden space 7168K, 0% used [0x00000000d5580000,0x00000000d5580000,0x00000000d5c80000)
  from space 1024K, 56% used [0x00000000d6280000,0x00000000d6310020,0x00000000d6380000)
  to   space 512K, 0% used [0x00000000d6380000,0x00000000d6380000,0x00000000d6400000)
 ParOldGen       total 155648K, used 155617K [0x0000000080000000, 0x0000000089800000, 0x00000000d5580000)
  object space 155648K, 99% used [0x0000000080000000,0x00000000897f84c8,0x0000000089800000)
 Metaspace       used 73282K, committed 74816K, reserved 1179648K
  class space    used 7831K, committed 8512K, reserved 1048576K
}
Event: 177.360 GC heap before
{Heap before GC invocations=73 (full 3):
 PSYoungGen      total 8192K, used 7744K [0x00000000d5580000, 0x00000000d6400000, 0x0000000100000000)
  eden space 7168K, 100% used [0x00000000d5580000,0x00000000d5c80000,0x00000000d5c80000)
  from space 1024K, 56% used [0x00000000d6280000,0x00000000d6310020,0x00000000d6380000)
  to   space 512K, 0% used [0x00000000d6380000,0x00000000d6380000,0x00000000d6400000)
 ParOldGen       total 155648K, used 155617K [0x0000000080000000, 0x0000000089800000, 0x00000000d5580000)
  object space 155648K, 99% used [0x0000000080000000,0x00000000897f84c8,0x0000000089800000)
 Metaspace       used 73368K, committed 74944K, reserved 1179648K
  class space    used 7835K, committed 8512K, reserved 1048576K
}
Event: 177.364 GC heap after
{Heap after GC invocations=73 (full 3):
 PSYoungGen      total 7680K, used 480K [0x00000000d5580000, 0x00000000d6400000, 0x0000000100000000)
  eden space 7168K, 0% used [0x00000000d5580000,0x00000000d5580000,0x00000000d5c80000)
  from space 512K, 93% used [0x00000000d6380000,0x00000000d63f8020,0x00000000d6400000)
  to   space 2048K, 0% used [0x00000000d6000000,0x00000000d6000000,0x00000000d6200000)
 ParOldGen       total 156672K, used 156561K [0x0000000080000000, 0x0000000089900000, 0x00000000d5580000)
  object space 156672K, 99% used [0x0000000080000000,0x00000000898e4680,0x0000000089900000)
 Metaspace       used 73368K, committed 74944K, reserved 1179648K
  class space    used 7835K, committed 8512K, reserved 1048576K
}
Event: 177.861 GC heap before
{Heap before GC invocations=74 (full 3):
 PSYoungGen      total 7680K, used 7648K [0x00000000d5580000, 0x00000000d6400000, 0x0000000100000000)
  eden space 7168K, 100% used [0x00000000d5580000,0x00000000d5c80000,0x00000000d5c80000)
  from space 512K, 93% used [0x00000000d6380000,0x00000000d63f8020,0x00000000d6400000)
  to   space 2048K, 0% used [0x00000000d6000000,0x00000000d6000000,0x00000000d6200000)
 ParOldGen       total 156672K, used 156561K [0x0000000080000000, 0x0000000089900000, 0x00000000d5580000)
  object space 156672K, 99% used [0x0000000080000000,0x00000000898e4680,0x0000000089900000)
 Metaspace       used 73582K, committed 75136K, reserved 1179648K
  class space    used 7835K, committed 8512K, reserved 1048576K
}
Event: 177.864 GC heap after
{Heap after GC invocations=74 (full 3):
 PSYoungGen      total 9216K, used 1024K [0x00000000d5580000, 0x00000000d6400000, 0x0000000100000000)
  eden space 7168K, 0% used [0x00000000d5580000,0x00000000d5580000,0x00000000d5c80000)
  from space 2048K, 50% used [0x00000000d6000000,0x00000000d6100020,0x00000000d6200000)
  to   space 1536K, 0% used [0x00000000d6280000,0x00000000d6280000,0x00000000d6400000)
 ParOldGen       total 157184K, used 157050K [0x0000000080000000, 0x0000000089980000, 0x00000000d5580000)
  object space 157184K, 99% used [0x0000000080000000,0x000000008995e940,0x0000000089980000)
 Metaspace       used 73582K, committed 75136K, reserved 1179648K
  class space    used 7835K, committed 8512K, reserved 1048576K
}
Event: 180.417 GC heap before
{Heap before GC invocations=75 (full 3):
 PSYoungGen      total 9216K, used 8192K [0x00000000d5580000, 0x00000000d6400000, 0x0000000100000000)
  eden space 7168K, 100% used [0x00000000d5580000,0x00000000d5c80000,0x00000000d5c80000)
  from space 2048K, 50% used [0x00000000d6000000,0x00000000d6100020,0x00000000d6200000)
  to   space 1536K, 0% used [0x00000000d6280000,0x00000000d6280000,0x00000000d6400000)
 ParOldGen       total 157184K, used 157050K [0x0000000080000000, 0x0000000089980000, 0x00000000d5580000)
  object space 157184K, 99% used [0x0000000080000000,0x000000008995e940,0x0000000089980000)
 Metaspace       used 73745K, committed 75328K, reserved 1179648K
  class space    used 7847K, committed 8512K, reserved 1048576K
}
Event: 180.422 GC heap after
{Heap after GC invocations=75 (full 3):
 PSYoungGen      total 7680K, used 320K [0x00000000d5580000, 0x00000000d6300000, 0x0000000100000000)
  eden space 7168K, 0% used [0x00000000d5580000,0x00000000d5580000,0x00000000d5c80000)
  from space 512K, 62% used [0x00000000d6280000,0x00000000d62d0000,0x00000000d6300000)
  to   space 1024K, 0% used [0x00000000d6100000,0x00000000d6100000,0x00000000d6200000)
 ParOldGen       total 158208K, used 157922K [0x0000000080000000, 0x0000000089a80000, 0x00000000d5580000)
  object space 158208K, 99% used [0x0000000080000000,0x0000000089a38980,0x0000000089a80000)
 Metaspace       used 73745K, committed 75328K, reserved 1179648K
  class space    used 7847K, committed 8512K, reserved 1048576K
}
Event: 183.449 GC heap before
{Heap before GC invocations=76 (full 3):
 PSYoungGen      total 7680K, used 7488K [0x00000000d5580000, 0x00000000d6300000, 0x0000000100000000)
  eden space 7168K, 100% used [0x00000000d5580000,0x00000000d5c80000,0x00000000d5c80000)
  from space 512K, 62% used [0x00000000d6280000,0x00000000d62d0000,0x00000000d6300000)
  to   space 1024K, 0% used [0x00000000d6100000,0x00000000d6100000,0x00000000d6200000)
 ParOldGen       total 158208K, used 157922K [0x0000000080000000, 0x0000000089a80000, 0x00000000d5580000)
  object space 158208K, 99% used [0x0000000080000000,0x0000000089a38980,0x0000000089a80000)
 Metaspace       used 73777K, committed 75328K, reserved 1179648K
  class space    used 7847K, committed 8512K, reserved 1048576K
}
Event: 183.451 GC heap after
{Heap after GC invocations=76 (full 3):
 PSYoungGen      total 8192K, used 128K [0x00000000d5580000, 0x00000000d6300000, 0x0000000100000000)
  eden space 7168K, 0% used [0x00000000d5580000,0x00000000d5580000,0x00000000d5c80000)
  from space 1024K, 12% used [0x00000000d6100000,0x00000000d6120000,0x00000000d6200000)
  to   space 512K, 0% used [0x00000000d6280000,0x00000000d6280000,0x00000000d6300000)
 ParOldGen       total 158208K, used 158143K [0x0000000080000000, 0x0000000089a80000, 0x00000000d5580000)
  object space 158208K, 99% used [0x0000000080000000,0x0000000089a6fdf0,0x0000000089a80000)
 Metaspace       used 73777K, committed 75328K, reserved 1179648K
  class space    used 7847K, committed 8512K, reserved 1048576K
}
Event: 185.283 GC heap before
{Heap before GC invocations=77 (full 3):
 PSYoungGen      total 8192K, used 7296K [0x00000000d5580000, 0x00000000d6300000, 0x0000000100000000)
  eden space 7168K, 100% used [0x00000000d5580000,0x00000000d5c80000,0x00000000d5c80000)
  from space 1024K, 12% used [0x00000000d6100000,0x00000000d6120000,0x00000000d6200000)
  to   space 512K, 0% used [0x00000000d6280000,0x00000000d6280000,0x00000000d6300000)
 ParOldGen       total 158208K, used 158143K [0x0000000080000000, 0x0000000089a80000, 0x00000000d5580000)
  object space 158208K, 99% used [0x0000000080000000,0x0000000089a6fdf0,0x0000000089a80000)
 Metaspace       used 73902K, committed 75456K, reserved 1179648K
  class space    used 7847K, committed 8512K, reserved 1048576K
}

