# JRE version: OpenJDK Runtime Environment Temurin-21.0.11+10 (21.0.11+10) (build 21.0.11+10-LTS)
# Java VM: OpenJDK 64-Bit Server VM Temurin-21.0.11+10 (21.0.11+10-LTS, mixed mode, sharing, tiered, compressed oops, compressed class ptrs, parallel gc, windows-amd64)
GC Precious Log:
 CardTable entry size: 512
 CPUs: 8 total, 8 available
 Memory: 7959M
 Large Page Support: Disabled
 NUMA Support: Disabled
 Compressed Oops: Enabled (32-bit)
 Alignments: Space 512K, Generation 512K, Heap 2M
 Heap Min Capacity: 100M
 Heap Initial Capacity: 100M
 Heap Max Capacity: 2G
 Pre-touch: Disabled
 Parallel Workers: 8
Heap:
 PSYoungGen      total 22016K, used 12190K [0x00000000d5580000, 0x00000000d7600000, 0x0000000100000000)
  eden space 17920K, 45% used [0x00000000d5580000,0x00000000d5d69650,0x00000000d6700000)
  from space 4096K, 99% used [0x00000000d6700000,0x00000000d6afe2d0,0x00000000d6b00000)
  to   space 7680K, 0% used [0x00000000d6e80000,0x00000000d6e80000,0x00000000d7600000)
 ParOldGen       total 75776K, used 75405K [0x0000000080000000, 0x0000000084a00000, 0x00000000d5580000)
  object space 75776K, 99% used [0x0000000080000000,0x00000000849a35a8,0x0000000084a00000)
 Metaspace       used 68228K, committed 69888K, reserved 1114112K
  class space    used 7314K, committed 8000K, reserved 1048576K
GC Heap History (20 events):
Event: 15.523 GC heap before
{Heap before GC invocations=40 (full 3):
 PSYoungGen      total 20992K, used 20582K [0x00000000d5580000, 0x00000000d6d80000, 0x0000000100000000)
  eden space 17920K, 100% used [0x00000000d5580000,0x00000000d6700000,0x00000000d6700000)
  from space 3072K, 86% used [0x00000000d6a80000,0x00000000d6d19a68,0x00000000d6d80000)
  to   space 3072K, 0% used [0x00000000d6780000,0x00000000d6780000,0x00000000d6a80000)
 ParOldGen       total 68608K, used 48198K [0x0000000080000000, 0x0000000084300000, 0x00000000d5580000)
  object space 68608K, 70% used [0x0000000080000000,0x0000000082f11ab0,0x0000000084300000)
 Metaspace       used 60658K, committed 62080K, reserved 1114112K
  class space    used 6578K, committed 7168K, reserved 1048576K
}
Event: 15.529 GC heap after
{Heap after GC invocations=40 (full 3):
 PSYoungGen      total 20992K, used 3056K [0x00000000d5580000, 0x00000000d7500000, 0x0000000100000000)
  eden space 17920K, 0% used [0x00000000d5580000,0x00000000d5580000,0x00000000d6700000)
  from space 3072K, 99% used [0x00000000d6780000,0x00000000d6a7c010,0x00000000d6a80000)
  to   space 7168K, 0% used [0x00000000d6e00000,0x00000000d6e00000,0x00000000d7500000)
 ParOldGen       total 68608K, used 51215K [0x0000000080000000, 0x0000000084300000, 0x00000000d5580000)
  object space 68608K, 74% used [0x0000000080000000,0x0000000083203ed0,0x0000000084300000)
 Metaspace       used 60658K, committed 62080K, reserved 1114112K
  class space    used 6578K, committed 7168K, reserved 1048576K
}
Event: 15.662 GC heap before
{Heap before GC invocations=41 (full 3):
 PSYoungGen      total 20992K, used 20976K [0x00000000d5580000, 0x00000000d7500000, 0x0000000100000000)
  eden space 17920K, 100% used [0x00000000d5580000,0x00000000d6700000,0x00000000d6700000)
  from space 3072K, 99% used [0x00000000d6780000,0x00000000d6a7c010,0x00000000d6a80000)
  to   space 7168K, 0% used [0x00000000d6e00000,0x00000000d6e00000,0x00000000d7500000)
 ParOldGen       total 68608K, used 51215K [0x0000000080000000, 0x0000000084300000, 0x00000000d5580000)
  object space 68608K, 74% used [0x0000000080000000,0x0000000083203ed0,0x0000000084300000)
 Metaspace       used 61142K, committed 62720K, reserved 1114112K
  class space    used 6620K, committed 7296K, reserved 1048576K
}
Event: 15.668 GC heap after
{Heap after GC invocations=41 (full 3):
 PSYoungGen      total 21504K, used 3264K [0x00000000d5580000, 0x00000000d7180000, 0x0000000100000000)
  eden space 17920K, 0% used [0x00000000d5580000,0x00000000d5580000,0x00000000d6700000)
  from space 3584K, 91% used [0x00000000d6e00000,0x00000000d7130300,0x00000000d7180000)
  to   space 4608K, 0% used [0x00000000d6880000,0x00000000d6880000,0x00000000d6d00000)
 ParOldGen       total 68608K, used 52758K [0x0000000080000000, 0x0000000084300000, 0x00000000d5580000)
  object space 68608K, 76% used [0x0000000080000000,0x0000000083385b58,0x0000000084300000)
 Metaspace       used 61142K, committed 62720K, reserved 1114112K
  class space    used 6620K, committed 7296K, reserved 1048576K
}
Event: 15.801 GC heap before
{Heap before GC invocations=42 (full 3):
 PSYoungGen      total 21504K, used 21184K [0x00000000d5580000, 0x00000000d7180000, 0x0000000100000000)
  eden space 17920K, 100% used [0x00000000d5580000,0x00000000d6700000,0x00000000d6700000)
  from space 3584K, 91% used [0x00000000d6e00000,0x00000000d7130300,0x00000000d7180000)
  to   space 4608K, 0% used [0x00000000d6880000,0x00000000d6880000,0x00000000d6d00000)
 ParOldGen       total 68608K, used 52758K [0x0000000080000000, 0x0000000084300000, 0x00000000d5580000)
  object space 68608K, 76% used [0x0000000080000000,0x0000000083385b58,0x0000000084300000)
 Metaspace       used 61833K, committed 63360K, reserved 1114112K
  class space    used 6704K, committed 7360K, reserved 1048576K
}
Event: 15.810 GC heap after
{Heap after GC invocations=42 (full 3):
 PSYoungGen      total 22528K, used 4595K [0x00000000d5580000, 0x00000000d7c00000, 0x0000000100000000)
  eden space 17920K, 0% used [0x00000000d5580000,0x00000000d5580000,0x00000000d6700000)
  from space 4608K, 99% used [0x00000000d6880000,0x00000000d6cfccd8,0x00000000d6d00000)
  to   space 10752K, 0% used [0x00000000d7180000,0x00000000d7180000,0x00000000d7c00000)
 ParOldGen       total 68608K, used 57533K [0x0000000080000000, 0x0000000084300000, 0x00000000d5580000)
  object space 68608K, 83% used [0x0000000080000000,0x000000008382f490,0x0000000084300000)
 Metaspace       used 61833K, committed 63360K, reserved 1114112K
  class space    used 6704K, committed 7360K, reserved 1048576K
}
Event: 16.086 GC heap before
{Heap before GC invocations=43 (full 3):
 PSYoungGen      total 22528K, used 21748K [0x00000000d5580000, 0x00000000d7c00000, 0x0000000100000000)
  eden space 17920K, 95% used [0x00000000d5580000,0x00000000d66406b8,0x00000000d6700000)
  from space 4608K, 99% used [0x00000000d6880000,0x00000000d6cfccd8,0x00000000d6d00000)
  to   space 10752K, 0% used [0x00000000d7180000,0x00000000d7180000,0x00000000d7c00000)
 ParOldGen       total 68608K, used 57533K [0x0000000080000000, 0x0000000084300000, 0x00000000d5580000)
  object space 68608K, 83% used [0x0000000080000000,0x000000008382f490,0x0000000084300000)
 Metaspace       used 63658K, committed 65216K, reserved 1114112K
  class space    used 6932K, committed 7616K, reserved 1048576K
}
Event: 16.096 GC heap after
{Heap after GC invocations=43 (full 3):
 PSYoungGen      total 24064K, used 6138K [0x00000000d5580000, 0x00000000d7780000, 0x0000000100000000)
  eden space 17920K, 0% used [0x00000000d5580000,0x00000000d5580000,0x00000000d6700000)
  from space 6144K, 99% used [0x00000000d7180000,0x00000000d777e808,0x00000000d7780000)
  to   space 7680K, 0% used [0x00000000d6880000,0x00000000d6880000,0x00000000d7000000)
 ParOldGen       total 68608K, used 60997K [0x0000000080000000, 0x0000000084300000, 0x00000000d5580000)
  object space 68608K, 88% used [0x0000000080000000,0x0000000083b917e0,0x0000000084300000)
 Metaspace       used 63658K, committed 65216K, reserved 1114112K
  class space    used 6932K, committed 7616K, reserved 1048576K
}
Event: 16.278 GC heap before
{Heap before GC invocations=44 (full 3):
 PSYoungGen      total 24064K, used 24057K [0x00000000d5580000, 0x00000000d7780000, 0x0000000100000000)
  eden space 17920K, 99% used [0x00000000d5580000,0x00000000d66fffc8,0x00000000d6700000)
  from space 6144K, 99% used [0x00000000d7180000,0x00000000d777e808,0x00000000d7780000)
  to   space 7680K, 0% used [0x00000000d6880000,0x00000000d6880000,0x00000000d7000000)
 ParOldGen       total 68608K, used 60997K [0x0000000080000000, 0x0000000084300000, 0x00000000d5580000)
  object space 68608K, 88% used [0x0000000080000000,0x0000000083b917e0,0x0000000084300000)
 Metaspace       used 64121K, committed 65664K, reserved 1114112K
  class space    used 6992K, committed 7680K, reserved 1048576K
}
Event: 16.284 GC heap after
{Heap after GC invocations=44 (full 3):
 PSYoungGen      total 20480K, used 2086K [0x00000000d5580000, 0x00000000d7200000, 0x0000000100000000)
  eden space 17920K, 0% used [0x00000000d5580000,0x00000000d5580000,0x00000000d6700000)
  from space 2560K, 81% used [0x00000000d6880000,0x00000000d6a898a0,0x00000000d6b00000)
  to   space 4096K, 0% used [0x00000000d6e00000,0x00000000d6e00000,0x00000000d7200000)
 ParOldGen       total 68608K, used 66964K [0x0000000080000000, 0x0000000084300000, 0x00000000d5580000)
  object space 68608K, 97% used [0x0000000080000000,0x0000000084165258,0x0000000084300000)
 Metaspace       used 64121K, committed 65664K, reserved 1114112K
  class space    used 6992K, committed 7680K, reserved 1048576K
}
Event: 16.374 GC heap before
{Heap before GC invocations=45 (full 3):
 PSYoungGen      total 20480K, used 20006K [0x00000000d5580000, 0x00000000d7200000, 0x0000000100000000)
  eden space 17920K, 100% used [0x00000000d5580000,0x00000000d6700000,0x00000000d6700000)
  from space 2560K, 81% used [0x00000000d6880000,0x00000000d6a898a0,0x00000000d6b00000)
  to   space 4096K, 0% used [0x00000000d6e00000,0x00000000d6e00000,0x00000000d7200000)
 ParOldGen       total 68608K, used 66964K [0x0000000080000000, 0x0000000084300000, 0x00000000d5580000)
  object space 68608K, 97% used [0x0000000080000000,0x0000000084165258,0x0000000084300000)
 Metaspace       used 64449K, committed 66048K, reserved 1114112K
  class space    used 7037K, committed 7680K, reserved 1048576K
}
Event: 16.378 GC heap after
{Heap after GC invocations=45 (full 3):
 PSYoungGen      total 22016K, used 4039K [0x00000000d5580000, 0x00000000d7200000, 0x0000000100000000)
  eden space 17920K, 0% used [0x00000000d5580000,0x00000000d5580000,0x00000000d6700000)
  from space 4096K, 98% used [0x00000000d6e00000,0x00000000d71f1f50,0x00000000d7200000)
  to   space 4608K, 0% used [0x00000000d6900000,0x00000000d6900000,0x00000000d6d80000)
 ParOldGen       total 69120K, used 68770K [0x0000000080000000, 0x0000000084380000, 0x00000000d5580000)
  object space 69120K, 99% used [0x0000000080000000,0x0000000084328bf0,0x0000000084380000)
 Metaspace       used 64449K, committed 66048K, reserved 1114112K
  class space    used 7037K, committed 7680K, reserved 1048576K
}
Event: 16.473 GC heap before
{Heap before GC invocations=46 (full 3):
 PSYoungGen      total 22016K, used 21959K [0x00000000d5580000, 0x00000000d7200000, 0x0000000100000000)
  eden space 17920K, 100% used [0x00000000d5580000,0x00000000d6700000,0x00000000d6700000)
  from space 4096K, 98% used [0x00000000d6e00000,0x00000000d71f1f50,0x00000000d7200000)
  to   space 4608K, 0% used [0x00000000d6900000,0x00000000d6900000,0x00000000d6d80000)
 ParOldGen       total 69120K, used 68770K [0x0000000080000000, 0x0000000084380000, 0x00000000d5580000)
  object space 69120K, 99% used [0x0000000080000000,0x0000000084328bf0,0x0000000084380000)
 Metaspace       used 64803K, committed 66432K, reserved 1114112K
  class space    used 7064K, committed 7744K, reserved 1048576K
}
Event: 16.476 GC heap after
{Heap after GC invocations=46 (full 3):
 PSYoungGen      total 22528K, used 4201K [0x00000000d5580000, 0x00000000d7000000, 0x0000000100000000)
  eden space 17920K, 0% used [0x00000000d5580000,0x00000000d5580000,0x00000000d6700000)
  from space 4608K, 91% used [0x00000000d6900000,0x00000000d6d1a6c0,0x00000000d6d80000)
  to   space 2560K, 0% used [0x00000000d6d80000,0x00000000d6d80000,0x00000000d7000000)
 ParOldGen       total 70144K, used 69937K [0x0000000080000000, 0x0000000084480000, 0x00000000d5580000)
  object space 70144K, 99% used [0x0000000080000000,0x000000008444c570,0x0000000084480000)
 Metaspace       used 64803K, committed 66432K, reserved 1114112K
  class space    used 7064K, committed 7744K, reserved 1048576K
}
Event: 16.668 GC heap before
{Heap before GC invocations=47 (full 3):
 PSYoungGen      total 22528K, used 21610K [0x00000000d5580000, 0x00000000d7000000, 0x0000000100000000)
  eden space 17920K, 97% used [0x00000000d5580000,0x00000000d6680430,0x00000000d6700000)
  from space 4608K, 91% used [0x00000000d6900000,0x00000000d6d1a6c0,0x00000000d6d80000)
  to   space 2560K, 0% used [0x00000000d6d80000,0x00000000d6d80000,0x00000000d7000000)
 ParOldGen       total 70144K, used 69937K [0x0000000080000000, 0x0000000084480000, 0x00000000d5580000)
  object space 70144K, 99% used [0x0000000080000000,0x000000008444c570,0x0000000084480000)
 Metaspace       used 64903K, committed 66560K, reserved 1114112K
  class space    used 7066K, committed 7744K, reserved 1048576K
}
Event: 16.673 GC heap after
{Heap after GC invocations=47 (full 3):
 PSYoungGen      total 19968K, used 1967K [0x00000000d5580000, 0x00000000d6f80000, 0x0000000100000000)
  eden space 17920K, 0% used [0x00000000d5580000,0x00000000d5580000,0x00000000d6700000)
  from space 2048K, 96% used [0x00000000d6d80000,0x00000000d6f6bf38,0x00000000d6f80000)
  to   space 3072K, 0% used [0x00000000d6980000,0x00000000d6980000,0x00000000d6c80000)
 ParOldGen       total 71168K, used 70672K [0x0000000080000000, 0x0000000084580000, 0x00000000d5580000)
  object space 71168K, 99% used [0x0000000080000000,0x00000000845040c8,0x0000000084580000)
 Metaspace       used 64903K, committed 66560K, reserved 1114112K
  class space    used 7066K, committed 7744K, reserved 1048576K
}
Event: 16.935 GC heap before
{Heap before GC invocations=48 (full 3):
 PSYoungGen      total 19968K, used 19887K [0x00000000d5580000, 0x00000000d6f80000, 0x0000000100000000)
  eden space 17920K, 100% used [0x00000000d5580000,0x00000000d6700000,0x00000000d6700000)
  from space 2048K, 96% used [0x00000000d6d80000,0x00000000d6f6bf38,0x00000000d6f80000)
  to   space 3072K, 0% used [0x00000000d6980000,0x00000000d6980000,0x00000000d6c80000)
 ParOldGen       total 71168K, used 70672K [0x0000000080000000, 0x0000000084580000, 0x00000000d5580000)
  object space 71168K, 99% used [0x0000000080000000,0x00000000845040c8,0x0000000084580000)
 Metaspace       used 65896K, committed 67520K, reserved 1114112K
  class space    used 7147K, committed 7808K, reserved 1048576K
}
Event: 16.938 GC heap after
{Heap after GC invocations=48 (full 3):
 PSYoungGen      total 19968K, used 1957K [0x00000000d5580000, 0x00000000d6e00000, 0x0000000100000000)
  eden space 17920K, 0% used [0x00000000d5580000,0x00000000d5580000,0x00000000d6700000)
  from space 2048K, 95% used [0x00000000d6980000,0x00000000d6b69608,0x00000000d6b80000)
  to   space 2560K, 0% used [0x00000000d6b80000,0x00000000d6b80000,0x00000000d6e00000)
 ParOldGen       total 72192K, used 71860K [0x0000000080000000, 0x0000000084680000, 0x00000000d5580000)
  object space 72192K, 99% used [0x0000000080000000,0x000000008462d298,0x0000000084680000)
 Metaspace       used 65896K, committed 67520K, reserved 1114112K
  class space    used 7147K, committed 7808K, reserved 1048576K
}
Event: 17.242 GC heap before
{Heap before GC invocations=49 (full 3):
 PSYoungGen      total 19968K, used 19877K [0x00000000d5580000, 0x00000000d6e00000, 0x0000000100000000)
  eden space 17920K, 100% used [0x00000000d5580000,0x00000000d6700000,0x00000000d6700000)
  from space 2048K, 95% used [0x00000000d6980000,0x00000000d6b69608,0x00000000d6b80000)
  to   space 2560K, 0% used [0x00000000d6b80000,0x00000000d6b80000,0x00000000d6e00000)
 ParOldGen       total 72192K, used 71860K [0x0000000080000000, 0x0000000084680000, 0x00000000d5580000)
  object space 72192K, 99% used [0x0000000080000000,0x000000008462d298,0x0000000084680000)
 Metaspace       used 66999K, committed 68672K, reserved 1114112K
  class space    used 7211K, committed 7936K, reserved 1048576K
}
Event: 17.246 GC heap after
{Heap after GC invocations=49 (full 3):
 PSYoungGen      total 20480K, used 2555K [0x00000000d5580000, 0x00000000d6f00000, 0x0000000100000000)
  eden space 17920K, 0% used [0x00000000d5580000,0x00000000d5580000,0x00000000d6700000)
  from space 2560K, 99% used [0x00000000d6b80000,0x00000000d6dfefd8,0x00000000d6e00000)
  to   space 4096K, 0% used [0x00000000d6700000,0x00000000d6700000,0x00000000d6b00000)
 ParOldGen       total 73216K, used 72855K [0x0000000080000000, 0x0000000084780000, 0x00000000d5580000)
  object space 73216K, 99% used [0x0000000080000000,0x0000000084725c10,0x0000000084780000)
 Metaspace       used 66999K, committed 68672K, reserved 1114112K
  class space    used 7211K, committed 7936K, reserved 1048576K
}

